V 3.0.0 >>
  • Новое меню.
  • Отслеживание ваших кик`ов/мьют`ов/смены ранга в семье.
  • Система чёрного списка семьи.
  • Больше настроек.
  • ChangeLog.
  • Больше информации.
  • Авто-загрузка необходимых библиотек.
  • Улучшенное авто-обновление.
  • Сохранение последних действий в меню.
  • Логи.
  • Приглашение игрока, на которого смотришь.
   
V 3.1.0 >>
  • Фикс отслеживания размутов/смены ранга в семье.
  • Фикс контуров меню.
  • Добавление рекламы в меню настроек.
  • Добавление логов в меню.
  • Фикс кика ЧСников.
  • Фикс многих крашей скрипта.
   
V 3.2.0 >>
  • Команда /fir - Приглашение в семью для игроков в вашем радиусе.
  • Приглашение в семью по ключевому слову.
  • Заметки.
  • Новое меню.
  • Улучшенные алгоритмы и различные фиксы.
  • Уведомления.
  • Кнопка проверки участников на наличие ЧС-ников в разделе "ЧС"
  • Система отбора участников семьи(Новый раздел).
 
V 3.3.0 >>
  • Изменена внутреняя структура скрипта.
  • Добавлена возможность изменения минимального уровня игрока для его приглашения в семью.
  
V 3.4.0 >>
  • Окна можно закрыт на ESC.
  • Система авто-оплаты налогов семейной квартиры(Новый раздел).

V 4.0.0 (В разработке) >>
  • Оптимизация кода.
  • Новое меню на mimGui.
  • Новая архитектура хранения данных.
  • Основное меню можно открывать при нажатии клавиши.
  • Возможность изменять радиус для приглашения игроков вокруг себя.
  • Возможность запускать рекламу в любые чаты.
  • Приветствование нового участника семьи.
  • Записывает когда вы изменяете ранг другим участникам семьи.
  • Добавлена норма приглашений за определённое время.
  • И другое...
